<?xml version="1.0" encoding="UTF-8"?>
<!-- Generated by org.testng.reporters.JUnitXMLReporter -->
<testsuite ignored="0" hostname="DESKTOP-53NE7RO" failures="0" tests="5" name="Test" time="126.035" errors="0" timestamp="2023-06-23T19:46:26 IST">
  <testcase classname="com.test.classes.Verify_Loginfunctionality" name="verifyloginfunctionality" time="0.195"/>
  <testcase classname="com.test.classes.Verify_Logoutfunctionality" name="verifylogoutfunctionality" time="2.232"/>
  <testcase classname="com.test.classes.Verify_Addtocart" name="verifyaddtocart" time="1.188"/>
  <testcase classname="com.test.classes.VerifyAllproductintoaddtocat" name="verifyallproduct" time="3.44"/>
  <testcase classname="com.test.classes.Verify_Filter" name="verifyfilter" time="6.357"/>
</testsuite> <!-- Test -->
