<?xml version="1.0" encoding="UTF-8"?>
<testng-results ignored="0" total="5" passed="5" failed="0" skipped="0">
  <reporter-output>
  </reporter-output>
  <suite started-at="2023-06-23T19:44:20 IST" name="Suite" finished-at="2023-06-23T19:46:26 IST" duration-ms="126035">
    <groups>
    </groups>
    <test started-at="2023-06-23T19:44:20 IST" name="Test" finished-at="2023-06-23T19:46:26 IST" duration-ms="126035">
      <class name="com.test.classes.Verify_Filter">
        <test-method is-config="true" signature="setup()[pri:0, instance:com.test.classes.Verify_Filter@659499f1]" started-at="2023-06-23T19:45:59 IST" name="setup" finished-at="2023-06-23T19:46:19 IST" duration-ms="19117" status="PASS">
          <reporter-output>
          </reporter-output>
        </test-method> <!-- setup -->
        <test-method signature="verifyfilter()[pri:0, instance:com.test.classes.Verify_Filter@659499f1]" started-at="2023-06-23T19:46:19 IST" name="verifyfilter" finished-at="2023-06-23T19:46:25 IST" duration-ms="6357" status="PASS">
          <reporter-output>
          </reporter-output>
        </test-method> <!-- verifyfilter -->
        <test-method is-config="true" signature="teardown()[pri:0, instance:com.test.classes.Verify_Filter@659499f1]" started-at="2023-06-23T19:46:25 IST" name="teardown" finished-at="2023-06-23T19:46:26 IST" duration-ms="728" status="PASS">
          <reporter-output>
          </reporter-output>
        </test-method> <!-- teardown -->
      </class> <!-- com.test.classes.Verify_Filter -->
      <class name="com.test.classes.Verify_Addtocart">
        <test-method is-config="true" signature="setup()[pri:0, instance:com.test.classes.Verify_Addtocart@27462a88]" started-at="2023-06-23T19:45:09 IST" name="setup" finished-at="2023-06-23T19:45:30 IST" duration-ms="21656" status="PASS">
          <reporter-output>
          </reporter-output>
        </test-method> <!-- setup -->
        <test-method signature="verifyaddtocart()[pri:0, instance:com.test.classes.Verify_Addtocart@27462a88]" started-at="2023-06-23T19:45:30 IST" name="verifyaddtocart" finished-at="2023-06-23T19:45:32 IST" duration-ms="1188" status="PASS">
          <reporter-output>
          </reporter-output>
        </test-method> <!-- verifyaddtocart -->
        <test-method is-config="true" signature="teardown()[pri:0, instance:com.test.classes.Verify_Addtocart@27462a88]" started-at="2023-06-23T19:45:32 IST" name="teardown" finished-at="2023-06-23T19:45:32 IST" duration-ms="686" status="PASS">
          <reporter-output>
          </reporter-output>
        </test-method> <!-- teardown -->
      </class> <!-- com.test.classes.Verify_Addtocart -->
      <class name="com.test.classes.VerifyAllproductintoaddtocat">
        <test-method is-config="true" signature="setup()[pri:0, instance:com.test.classes.VerifyAllproductintoaddtocat@82de64a]" started-at="2023-06-23T19:45:32 IST" name="setup" finished-at="2023-06-23T19:45:55 IST" duration-ms="23085" status="PASS">
          <reporter-output>
          </reporter-output>
        </test-method> <!-- setup -->
        <test-method signature="verifyallproduct()[pri:0, instance:com.test.classes.VerifyAllproductintoaddtocat@82de64a]" started-at="2023-06-23T19:45:55 IST" name="verifyallproduct" finished-at="2023-06-23T19:45:59 IST" duration-ms="3440" status="PASS">
          <reporter-output>
          </reporter-output>
        </test-method> <!-- verifyallproduct -->
        <test-method is-config="true" signature="teardown()[pri:0, instance:com.test.classes.VerifyAllproductintoaddtocat@82de64a]" started-at="2023-06-23T19:45:59 IST" name="teardown" finished-at="2023-06-23T19:45:59 IST" duration-ms="672" status="PASS">
          <reporter-output>
          </reporter-output>
        </test-method> <!-- teardown -->
      </class> <!-- com.test.classes.VerifyAllproductintoaddtocat -->
      <class name="com.test.classes.Verify_Loginfunctionality">
        <test-method is-config="true" signature="setup()[pri:0, instance:com.test.classes.Verify_Loginfunctionality@1e04fa0a]" started-at="2023-06-23T19:44:20 IST" name="setup" finished-at="2023-06-23T19:44:43 IST" duration-ms="23716" status="PASS">
          <reporter-output>
          </reporter-output>
        </test-method> <!-- setup -->
        <test-method signature="verifyloginfunctionality()[pri:0, instance:com.test.classes.Verify_Loginfunctionality@1e04fa0a]" started-at="2023-06-23T19:44:43 IST" name="verifyloginfunctionality" finished-at="2023-06-23T19:44:44 IST" duration-ms="195" status="PASS">
          <reporter-output>
          </reporter-output>
        </test-method> <!-- verifyloginfunctionality -->
        <test-method is-config="true" signature="teardown()[pri:0, instance:com.test.classes.Verify_Loginfunctionality@1e04fa0a]" started-at="2023-06-23T19:44:44 IST" name="teardown" finished-at="2023-06-23T19:44:44 IST" duration-ms="905" status="PASS">
          <reporter-output>
          </reporter-output>
        </test-method> <!-- teardown -->
      </class> <!-- com.test.classes.Verify_Loginfunctionality -->
      <class name="com.test.classes.Verify_Logoutfunctionality">
        <test-method is-config="true" signature="setup()[pri:0, instance:com.test.classes.Verify_Logoutfunctionality@71a8adcf]" started-at="2023-06-23T19:44:44 IST" name="setup" finished-at="2023-06-23T19:45:06 IST" duration-ms="21327" status="PASS">
          <reporter-output>
          </reporter-output>
        </test-method> <!-- setup -->
        <test-method signature="verifylogoutfunctionality()[pri:0, instance:com.test.classes.Verify_Logoutfunctionality@71a8adcf]" started-at="2023-06-23T19:45:06 IST" name="verifylogoutfunctionality" finished-at="2023-06-23T19:45:08 IST" duration-ms="2232" status="PASS">
          <reporter-output>
          </reporter-output>
        </test-method> <!-- verifylogoutfunctionality -->
        <test-method is-config="true" signature="teardown()[pri:0, instance:com.test.classes.Verify_Logoutfunctionality@71a8adcf]" started-at="2023-06-23T19:45:08 IST" name="teardown" finished-at="2023-06-23T19:45:09 IST" duration-ms="683" status="PASS">
          <reporter-output>
          </reporter-output>
        </test-method> <!-- teardown -->
      </class> <!-- com.test.classes.Verify_Logoutfunctionality -->
    </test> <!-- Test -->
  </suite> <!-- Suite -->
</testng-results>
